<testsuites>
  <testsuite name="step graph" tests="21" skipped="0" failures="2" time="1801.653133488">
    <testcase name="step1" time="1.664e-06"></testcase>
    <testcase name="step2" time="20.173183541">
      <system-out>The collected steps of multi-stage phase post.</system-out>
    </testcase>
    <testcase name="step3" time="610">
      <failure message="">subsystem/agent_test.go:206�[0m&#xD;&#xA;&#xD;&#xA;�[91m�[1m[Fail] �[0m�[90mAgent tests �[0m�[91m�[1m[It] Verify nextInstructionSeconds �[0m&#xD;&#xA;�[37m/home/assisted/subsystem/utils.go:91�[0m&#xD;&#xA;&#xD;&#xA;�[91m�[1m[Fail] �[0m�[90mAgent tests �[0m�[91m�[1m[It] Cluster not exists �[0m&#xD;&#xA;�[37m/home/assisted/subsystem/utils.go:91�[0m&#xD;&#xA;&#xD;&#xA;�[91m�[1m[Fail] �[0m�[90mAgent tests �[0m�[91m�[1m[It] Register recovery �[0m&#xD;&#xA;�[37m/home/assisted/subsystem/utils.go:91�[0m&#xD;&#xA;&#xD;&#xA;�[91m�[1m[Fail] �[0m�[90mAgent tests �[0m�[91m�[1m[It] Step not exists �[0m&#xD;&#xA;�[37m/home/assisted/subsystem/utils.go:91�[0m&#xD;&#xA;&#xD;&#xA;�[91m�[1m[Fail] �[0m�[90mAgent tests �[0m�[91m�[1m[It] Execute echo �[0m&#xD;&#xA;�[37m/home/assisted/subsystem/utils.go:91�[0m&#xD;&#xA;&#xD;&#xA;�[91m�[1m[Fail] �[0m�[90mAgent tests �[0m�[91m�[1m[It] Multiple steps �[0m&#xD;&#xA;�[37m/home/assisted/subsystem/utils.go:91�[0m&#xD;&#xA;&#xD;&#xA;�[1m�[91mRan 29 of 29 Specs in 223.046 seconds�[0m&#xD;&#xA;�[1m�[91mFAIL!�[0m -- �[32m�[1m0 Passed�[0m | �[91m�[1m29 Failed�[0m | �[33m�[1m0 Pending�[0m | �[36m�[1m0 Skipped�[0m&#xD;&#xA;&#xD;&#xA;DONE 1 tests, 1 failure in 226.644s&#xD;&#xA;make[2]: Entering directory `/home/assisted&#39;&#xD;&#xA;make _coverage&#xD;&#xA;make[3]: Entering directory `/home/assisted&#39;&#xD;&#xA;make[3]: Nothing to be done for `_coverage&#39;.&#xD;&#xA;make[3]: Leaving directory `/home/assisted&#39;&#xD;&#xA;make[2]: Leaving directory `/home/assisted&#39;&#xD;&#xA;make[1]: *** [_test] Error 1&#xD;&#xA;make[1]: Leaving directory `/home/assisted&#39;&#xD;&#xA;Stopping subsystem_wiremock_1 ... &#xD;&#xD;&#xA;�[1A�[2K&#xD;Stopping subsystem_wiremock_1 ... �[32mdone�[0m&#xD;�[1BRemoving subsystem_agent_run_1 ... &#xD;&#xD;&#xA;Removing subsystem_wiremock_1  ... &#xD;&#xD;&#xA;�[2A�[2K&#xD;Removing subsystem_agent_run_1 ... �[32mdone�[0m&#xD;�[2B�[1A�[2K&#xD;Removing subsystem_wiremock_1  ... �[32mdone�[0m&#xD;�[1BRemoving network subsystem_agent_network&#xD;&#xA;make: *** [subsystem] Error 2&#xD;&#xA;{&#34;component&#34;:&#34;entrypoint&#34;,&#34;error&#34;:&#34;wrapped process failed: exit status 2&#34;,&#34;file&#34;:&#34;k8s.io/test-infra/prow/entrypoint/run.go:80&#34;,&#34;func&#34;:&#34;k8s.io/test-infra/prow/entrypoint.Options.Run&#34;,&#34;level&#34;:&#34;error&#34;,&#34;msg&#34;:&#34;Error executing test process&#34;,&#34;severity&#34;:&#34;error&#34;,&#34;time&#34;:&#34;2022-04-20T22:54:01Z&#34;}&#xA;error: failed to execute wrapped command: exit status 2&#xA;</failure>
    </testcase>
  </testsuite>
</testsuites>